Arguments: 
  C:\Program Files\nodejs\node.exe C:\Users\s5460\AppData\Roaming\npm\node_modules\yarn\bin\yarn.js add husky --dev

PATH: 
  C:\Program Files\Common Files\Oracle\Java\javapath;C:\Program Files (x86)\Common Files\Oracle\Java\javapath;C:\Windows\system32;C:\Windows;C:\Windows\System32\Wbem;C:\Windows\System32\WindowsPowerShell\v1.0\;C:\Windows\System32\OpenSSH\;C:\Program Files (x86)\NVIDIA Corporation\PhysX\Common;C:\Program Files\NVIDIA Corporation\NVIDIA NvDLISR;C:\Program Files\Go\bin;C:\Users\s5460\AppData\Local\Programs\Python\Python311\Scripts;C:\Program Files\dotnet\;C:\Program Files\Git\cmd;C:\Users\s5460\AppData\Roaming\nvm;C:\Program Files\nodejs;C:\Program Files\nodejs\;C:\Program Files (x86)\Tencent\微信web开发者工具\dll;C:\MinGW\bin;C:\Users\s5460\AppData\Local\Programs\Microsoft VS Code\bin;C:\Users\s5460\AppData\Local\pnpm;C:\Users\s5460\.console-ninja\.bin;C:\Program Files\MySQL\MySQL Shell 8.0\bin\;C:\Users\s5460\AppData\Local\Programs\Python\Python311\Scripts\;C:\Users\s5460\AppData\Local\Programs\Python\Python311\;C:\Users\s5460\AppData\Local\Microsoft\WindowsApps;C:\Users\s5460\AppData\Local\Programs\Microsoft VS Code\bin;C:\Users\s5460\AppData\Local\GitHubDesktop\bin;C:\Users\s5460\go\bin;C:\Users\s5460\.dotnet\tools;C:\Users\s5460\AppData\Roaming\nvm;C:\Program Files\nodejs;C:\Users\s5460\AppData\Roaming\npm;E:\CLion 2023.2.2\bin;

Yarn version: 
  1.22.19

Node version: 
  18.17.0

Platform: 
  win32 x64

Trace: 
  Error: ENOENT: no such file or directory, copyfile 'C:\Users\s5460\AppData\Local\Yarn\Cache\v6\npm-globals-13.22.0-0c9fcb9c48a2494fbb5edbfee644285543eba9d8-integrity\node_modules\globals\globals.json' -> 'D:\MyProject\muxiK-StackFrontend2.0\node_modules\@eslint\eslintrc\node_modules\globals\globals.json'

npm manifest: 
  {
    "name": "muxiK-StackFrontend2.0",
    "version": "1.0.0",
    "private": true,
    "description": "",
    "templateInfo": {
      "name": "default",
      "typescript": true,
      "css": "sass"
    },
    "scripts": {
      "build:weapp": "taro build --type weapp",
      "build:swan": "taro build --type swan",
      "build:alipay": "taro build --type alipay",
      "build:tt": "taro build --type tt",
      "build:h5": "taro build --type h5",
      "build:rn": "taro build --type rn",
      "build:qq": "taro build --type qq",
      "build:jd": "taro build --type jd",
      "build:quickapp": "taro build --type quickapp",
      "dev:weapp": "npm run build:weapp -- --watch",
      "dev:swan": "npm run build:swan -- --watch",
      "dev:alipay": "npm run build:alipay -- --watch",
      "dev:tt": "npm run build:tt -- --watch",
      "dev:h5": "npm run build:h5 -- --watch",
      "dev:rn": "npm run build:rn -- --watch",
      "dev:qq": "npm run build:qq -- --watch",
      "dev:jd": "npm run build:jd -- --watch",
      "dev:quickapp": "npm run build:quickapp -- --watch",
      "test": "jest",
      "lint": "eslint --ext .js,.ts,.jsx,.tsx src --ignore-path .eslintignore"
    },
    "browserslist": [
      "last 3 versions",
      "Android >= 4.1",
      "ios >= 8"
    ],
    "author": "",
    "dependencies": {
      "@babel/runtime": "^7.21.5",
      "@tarojs/components": "3.6.16",
      "@tarojs/helper": "3.6.16",
      "@tarojs/plugin-framework-react": "3.6.16",
      "@tarojs/plugin-platform-alipay": "3.6.16",
      "@tarojs/plugin-platform-h5": "3.6.16",
      "@tarojs/plugin-platform-jd": "3.6.16",
      "@tarojs/plugin-platform-qq": "3.6.16",
      "@tarojs/plugin-platform-swan": "3.6.16",
      "@tarojs/plugin-platform-tt": "3.6.16",
      "@tarojs/plugin-platform-weapp": "3.6.16",
      "@tarojs/react": "3.6.16",
      "@tarojs/runtime": "3.6.16",
      "@tarojs/shared": "3.6.16",
      "@tarojs/taro": "3.6.16",
      "react": "^18.0.0",
      "react-dom": "^18.0.0"
    },
    "devDependencies": {
      "@babel/core": "^7.8.0",
      "@pmmmwh/react-refresh-webpack-plugin": "^0.5.5",
      "@tarojs/cli": "3.6.16",
      "@tarojs/taro-loader": "3.6.16",
      "@tarojs/test-utils-react": "^0.1.1",
      "@tarojs/webpack5-runner": "3.6.16",
      "@types/jest": "^29.3.1",
      "@types/node": "^18.15.11",
      "@types/react": "^18.0.0",
      "@types/webpack-env": "^1.13.6",
      "@typescript-eslint/eslint-plugin": "^6.2.0",
      "@typescript-eslint/parser": "^6.2.0",
      "babel-preset-taro": "3.6.16",
      "eslint": "^8.12.0",
      "eslint-config-prettier": "^9.0.0",
      "eslint-config-taro": "3.6.16",
      "eslint-plugin-import": "^2.12.0",
      "eslint-plugin-jsx-a11y": "^6.7.1",
      "eslint-plugin-prettier": "^5.0.0",
      "eslint-plugin-react": "^7.8.2",
      "eslint-plugin-react-hooks": "^4.2.0",
      "jest": "^29.3.1",
      "jest-environment-jsdom": "^29.5.0",
      "postcss": "^8.4.18",
      "prettier": "^3.0.3",
      "react-refresh": "^0.11.0",
      "stylelint": "^14.4.0",
      "ts-node": "^10.9.1",
      "tsconfig-paths-webpack-plugin": "^4.0.1",
      "typescript": "^5.1.0",
      "webpack": "5.78.0"
    }
  }

yarn manifest: 
  No manifest

Lockfile: 
  No lockfile
